<?xml version="1.0" encoding="UTF-8"?>
<!-- Generated by org.testng.reporters.JUnitXMLReporter -->
<testsuite ignored="0" hostname="MacBook-Pro-2.home" failures="0" tests="3" name="Surefire test" time="0.054" errors="0" timestamp="2020-09-02T00:46:01 EDT">
  <testcase classname="base.CommonAPI" name="@BeforeMethod setUp" time="-1.599021961689E9">
    <failure type="org.testng.TestNGException" message="
Parameter &amp;apos;url&amp;apos; is required by BeforeMethod on method setUp but has not been marked @Optional or defined
">
      <![CDATA[org.testng.TestNGException: 
Parameter 'url' is required by BeforeMethod on method setUp but has not been marked @Optional or defined

at java.base/java.util.ArrayList.forEach(ArrayList.java:1540)
... Removed 33 stack frames]]>
    </failure>
  </testcase> <!-- @BeforeMethod setUp -->
  <testcase classname="homeTest.ShoppingCardTest" name="@BeforeMethod init" time="-1.599021961696E9">
    <skipped/>
  </testcase> <!-- @BeforeMethod init -->
  <testcase classname="base.CommonAPI" name="@AfterMethod cleanUp" time="0.004">
    <failure type="java.lang.NullPointerException">
      <![CDATA[java.lang.NullPointerException
at base.CommonAPI.cleanUp(CommonAPI.java:58)
at java.base/java.util.ArrayList.forEach(ArrayList.java:1540)
... Removed 37 stack frames]]>
    </failure>
  </testcase> <!-- @AfterMethod cleanUp -->
  <testcase classname="base.CommonAPI" name="@BeforeMethod setUp" time="-1.599021961706E9">
    <failure type="org.testng.TestNGException" message="
Parameter &amp;apos;url&amp;apos; is required by BeforeMethod on method setUp but has not been marked @Optional or defined
">
      <![CDATA[org.testng.TestNGException: 
Parameter 'url' is required by BeforeMethod on method setUp but has not been marked @Optional or defined

at java.base/java.util.ArrayList.forEach(ArrayList.java:1540)
... Removed 33 stack frames]]>
    </failure>
  </testcase> <!-- @BeforeMethod setUp -->
  <testcase classname="homeTest.AccountTest" name="@BeforeMethod init" time="-1.599021961707E9">
    <skipped/>
  </testcase> <!-- @BeforeMethod init -->
  <testcase classname="base.CommonAPI" name="@AfterMethod cleanUp" time="0.0">
    <failure type="java.lang.NullPointerException">
      <![CDATA[java.lang.NullPointerException
at base.CommonAPI.cleanUp(CommonAPI.java:58)
at java.base/java.util.ArrayList.forEach(ArrayList.java:1540)
... Removed 37 stack frames]]>
    </failure>
  </testcase> <!-- @AfterMethod cleanUp -->
  <testcase classname="base.CommonAPI" name="@BeforeMethod setUp" time="-1.599021961708E9">
    <failure type="org.testng.TestNGException" message="
Parameter &amp;apos;url&amp;apos; is required by BeforeMethod on method setUp but has not been marked @Optional or defined
">
      <![CDATA[org.testng.TestNGException: 
Parameter 'url' is required by BeforeMethod on method setUp but has not been marked @Optional or defined

at java.base/java.util.ArrayList.forEach(ArrayList.java:1540)
... Removed 33 stack frames]]>
    </failure>
  </testcase> <!-- @BeforeMethod setUp -->
  <testcase classname="homeTest.SearchBoxTest" name="@BeforeMethod init" time="-1.599021961709E9">
    <skipped/>
  </testcase> <!-- @BeforeMethod init -->
  <testcase classname="base.CommonAPI" name="@AfterMethod cleanUp" time="0.0">
    <failure type="java.lang.NullPointerException">
      <![CDATA[java.lang.NullPointerException
at base.CommonAPI.cleanUp(CommonAPI.java:58)
at java.base/java.util.ArrayList.forEach(ArrayList.java:1540)
... Removed 37 stack frames]]>
    </failure>
  </testcase> <!-- @AfterMethod cleanUp -->
  <testcase classname="homeTest.ShoppingCardTest" name="setShoppingCardTest" time="0.0">
    <skipped/>
  </testcase> <!-- setShoppingCardTest -->
  <testcase classname="homeTest.AccountTest" name="SetAccountLogInTest" time="0.0">
    <skipped/>
  </testcase> <!-- SetAccountLogInTest -->
  <testcase classname="homeTest.SearchBoxTest" name="setSearchBoxTest" time="0.0">
    <skipped/>
  </testcase> <!-- setSearchBoxTest -->
</testsuite> <!-- Surefire test -->
